2022.09.12 23:58:31 INFO  tracing is disabled for protocol LSP, to enable tracing of incoming and outgoing JSON messages create an empty file at /home/lordzampa/Desktop/UCSC/2nd_year/1st_semester/SCS2204_Functional_Programming/Scala_Tutorial_06/.metals/lsp.trace.json or /home/lordzampa/.cache/metals/lsp.trace.json[0m
2022.09.12 23:58:31 INFO  logging to file /home/lordzampa/Desktop/UCSC/2nd_year/1st_semester/SCS2204_Functional_Programming/Scala_Tutorial_06/.metals/metals.log[0m
2022.09.12 23:58:31 INFO  Started: Metals version 0.11.8 in workspace '/home/lordzampa/Desktop/UCSC/2nd_year/1st_semester/SCS2204_Functional_Programming/Scala_Tutorial_06' for client Visual Studio Code 1.71.0.[0m
2022.09.12 23:58:31 WARN  Flyway upgrade recommended: H2 2.1.214 is newer than this version of Flyway and support has not been tested. The latest supported version of H2 is 2.1.210.[0m
2022.09.12 23:58:32 INFO  time: initialize in 1.01s[0m
2022.09.12 23:58:34 WARN  Build server is not auto-connectable.[0m
2022.09.12 23:58:34 WARN  no build tool detected in workspace '/home/lordzampa/Desktop/UCSC/2nd_year/1st_semester/SCS2204_Functional_Programming/Scala_Tutorial_06'. The most common cause for this problem is that the editor was opened in the wrong working directory, for example if you use sbt then the workspace directory should contain build.sbt. [0m
2022.09.12 23:58:34 WARN  no build target for: /home/lordzampa/Desktop/UCSC/2nd_year/1st_semester/SCS2204_Functional_Programming/Scala_Tutorial_06/cipher.scala[0m
Sep 12, 2022 11:58:34 PM org.eclipse.lsp4j.jsonrpc.RemoteEndpoint fallbackResponseError
SEVERE: Internal error: java.lang.ArrayIndexOutOfBoundsException: Index 1921 out of bounds for length 1921
java.util.concurrent.CompletionException: java.lang.ArrayIndexOutOfBoundsException: Index 1921 out of bounds for length 1921
	at java.base/java.util.concurrent.CompletableFuture.encodeThrowable(CompletableFuture.java:332)
	at java.base/java.util.concurrent.CompletableFuture.completeThrowable(CompletableFuture.java:347)
	at java.base/java.util.concurrent.CompletableFuture$UniAccept.tryFire(CompletableFuture.java:708)
	at java.base/java.util.concurrent.CompletableFuture.postComplete(CompletableFuture.java:510)
	at java.base/java.util.concurrent.CompletableFuture.completeExceptionally(CompletableFuture.java:2162)
	at scala.meta.internal.metals.CancelTokens$.$anonfun$future$1(CancelTokens.scala:40)
	at scala.meta.internal.metals.CancelTokens$.$anonfun$future$1$adapted(CancelTokens.scala:38)
	at scala.concurrent.impl.Promise$Transformation.run(Promise.scala:484)
	at java.base/java.util.concurrent.ThreadPoolExecutor.runWorker(ThreadPoolExecutor.java:1136)
	at java.base/java.util.concurrent.ThreadPoolExecutor$Worker.run(ThreadPoolExecutor.java:635)
	at java.base/java.lang.Thread.run(Thread.java:833)
Caused by: java.lang.ArrayIndexOutOfBoundsException: Index 1921 out of bounds for length 1921
	at scala.meta.internal.parsing.FoldingRangeExtractor$Foldable$.isScala3BlockWithoutOptionalBraces(FoldingRangeExtractor.scala:248)
	at scala.meta.internal.parsing.FoldingRangeExtractor$Foldable$.unapply(FoldingRangeExtractor.scala:199)
	at scala.meta.internal.parsing.FoldingRangeExtractor.extractFrom(FoldingRangeExtractor.scala:36)
	at scala.meta.internal.parsing.FoldingRangeExtractor.$anonfun$extractFrom$2(FoldingRangeExtractor.scala:56)
	at scala.meta.internal.parsing.FoldingRangeExtractor.$anonfun$extractFrom$2$adapted(FoldingRangeExtractor.scala:51)
	at scala.collection.immutable.List.foreach(List.scala:333)
	at scala.meta.internal.parsing.FoldingRangeExtractor.extractFrom(FoldingRangeExtractor.scala:51)
	at scala.meta.internal.parsing.FoldingRangeExtractor.$anonfun$extractFrom$2(FoldingRangeExtractor.scala:56)
	at scala.meta.internal.parsing.FoldingRangeExtractor.$anonfun$extractFrom$2$adapted(FoldingRangeExtractor.scala:51)
	at scala.collection.immutable.List.foreach(List.scala:333)
	at scala.meta.internal.parsing.FoldingRangeExtractor.extractFrom(FoldingRangeExtractor.scala:51)
	at scala.meta.internal.parsing.FoldingRangeExtractor.extract(FoldingRangeExtractor.scala:29)
	at scala.meta.internal.parsing.FoldingRangeProvider.$anonfun$getRangedForScala$3(FoldingRangeProvider.scala:40)
	at scala.Option.map(Option.scala:242)
	at scala.meta.internal.parsing.FoldingRangeProvider.$anonfun$getRangedForScala$2(FoldingRangeProvider.scala:33)
	at scala.Option$WithFilter.flatMap(Option.scala:283)
	at scala.meta.internal.parsing.FoldingRangeProvider.getRangedForScala(FoldingRangeProvider.scala:31)
	at scala.meta.internal.metals.MetalsLanguageServer.$anonfun$foldingRange$2(MetalsLanguageServer.scala:1705)
	at scala.concurrent.impl.Promise$Transformation.run(Promise.scala:467)
	... 3 more

2022.09.12 23:58:39 INFO  no build target found for /home/lordzampa/Desktop/UCSC/2nd_year/1st_semester/SCS2204_Functional_Programming/Scala_Tutorial_06/cipher.scala. Using presentation compiler with project's scala-library version: 3.1.3[0m
2022.09.12 23:58:40 INFO  time: code lens generation in 6.12s[0m
2022.09.12 23:58:40 INFO  time: code lens generation in 5.28s[0m
Downloading https://repo1.maven.org/maven2/org/scalameta/scalafmt-core_2.13/3.5.3/scalafmt-core_2.13-3.5.3.pom
Downloaded https://repo1.maven.org/maven2/org/scalameta/scalafmt-core_2.13/3.5.3/scalafmt-core_2.13-3.5.3.pom
Downloading https://repo1.maven.org/maven2/org/scalameta/scalameta_2.13/4.5.5/scalameta_2.13-4.5.5.pom
Downloading https://repo1.maven.org/maven2/org/scalameta/scalafmt-sysops_2.13/3.5.3/scalafmt-sysops_2.13-3.5.3.pom
Downloading https://repo1.maven.org/maven2/org/scalameta/scalafmt-config_2.13/3.5.3/scalafmt-config_2.13-3.5.3.pom
Downloaded https://repo1.maven.org/maven2/org/scalameta/scalameta_2.13/4.5.5/scalameta_2.13-4.5.5.pom
Downloaded https://repo1.maven.org/maven2/org/scalameta/scalafmt-config_2.13/3.5.3/scalafmt-config_2.13-3.5.3.pom
Downloaded https://repo1.maven.org/maven2/org/scalameta/scalafmt-sysops_2.13/3.5.3/scalafmt-sysops_2.13-3.5.3.pom
Downloading https://repo1.maven.org/maven2/org/scalameta/parsers_2.13/4.5.5/parsers_2.13-4.5.5.pom
Downloaded https://repo1.maven.org/maven2/org/scalameta/parsers_2.13/4.5.5/parsers_2.13-4.5.5.pom
Downloading https://repo1.maven.org/maven2/com/typesafe/config/1.4.1/config-1.4.1.pom
Downloading https://repo1.maven.org/maven2/org/scalameta/trees_2.13/4.5.5/trees_2.13-4.5.5.pom
Downloaded https://repo1.maven.org/maven2/org/scalameta/trees_2.13/4.5.5/trees_2.13-4.5.5.pom
Downloaded https://repo1.maven.org/maven2/com/typesafe/config/1.4.1/config-1.4.1.pom
Downloading https://repo1.maven.org/maven2/org/scalameta/common_2.13/4.5.5/common_2.13-4.5.5.pom
Downloaded https://repo1.maven.org/maven2/org/scalameta/common_2.13/4.5.5/common_2.13-4.5.5.pom
Downloading https://repo1.maven.org/maven2/org/scalameta/scalafmt-sysops_2.13/3.5.3/scalafmt-sysops_2.13-3.5.3.jar
Downloading https://repo1.maven.org/maven2/org/scalameta/scalafmt-config_2.13/3.5.3/scalafmt-config_2.13-3.5.3.jar
Downloading https://repo1.maven.org/maven2/org/scalameta/parsers_2.13/4.5.5/parsers_2.13-4.5.5.jar
Downloading https://repo1.maven.org/maven2/org/scalameta/common_2.13/4.5.5/common_2.13-4.5.5.jar
Downloading https://repo1.maven.org/maven2/org/scalameta/scalameta_2.13/4.5.5/scalameta_2.13-4.5.5.jar
Downloading https://repo1.maven.org/maven2/org/scalameta/scalafmt-core_2.13/3.5.3/scalafmt-core_2.13-3.5.3.jar
Downloaded https://repo1.maven.org/maven2/org/scalameta/scalafmt-config_2.13/3.5.3/scalafmt-config_2.13-3.5.3.jar
Downloading https://repo1.maven.org/maven2/org/scalameta/trees_2.13/4.5.5/trees_2.13-4.5.5.jar
Downloaded https://repo1.maven.org/maven2/org/scalameta/scalafmt-sysops_2.13/3.5.3/scalafmt-sysops_2.13-3.5.3.jar
Downloading https://repo1.maven.org/maven2/com/typesafe/config/1.4.1/config-1.4.1.jar
Downloaded https://repo1.maven.org/maven2/com/typesafe/config/1.4.1/config-1.4.1.jar
Downloaded https://repo1.maven.org/maven2/org/scalameta/scalameta_2.13/4.5.5/scalameta_2.13-4.5.5.jar
Still downloading:
https://repo1.maven.org/maven2/org/scalameta/parsers_2.13/4.5.5/parsers_2.13-4.5.5.jar (83.96 %, 1052288 / 1253261)
https://repo1.maven.org/maven2/org/scalameta/scalafmt-core_2.13/3.5.3/scalafmt-core_2.13-3.5.3.jar (79.76 %, 1636928 / 2052229)
https://repo1.maven.org/maven2/org/scalameta/common_2.13/4.5.5/common_2.13-4.5.5.jar (73.87 %, 1766784 / 2391657)
https://repo1.maven.org/maven2/org/scalameta/trees_2.13/4.5.5/trees_2.13-4.5.5.jar (32.57 %, 1422720 / 4367643)

Downloaded https://repo1.maven.org/maven2/org/scalameta/parsers_2.13/4.5.5/parsers_2.13-4.5.5.jar
Downloaded https://repo1.maven.org/maven2/org/scalameta/common_2.13/4.5.5/common_2.13-4.5.5.jar
Downloaded https://repo1.maven.org/maven2/org/scalameta/scalafmt-core_2.13/3.5.3/scalafmt-core_2.13-3.5.3.jar
Downloaded https://repo1.maven.org/maven2/org/scalameta/trees_2.13/4.5.5/trees_2.13-4.5.5.jar
2022.09.12 23:59:14 WARN  no build target for: /home/lordzampa/Desktop/UCSC/2nd_year/1st_semester/SCS2204_Functional_Programming/Scala_Tutorial_06/cipher.scala[0m
Sep 12, 2022 11:59:27 PM org.eclipse.lsp4j.jsonrpc.services.GenericEndpoint notify
INFO: Unsupported notification method: $/setTrace
2022.09.13 00:00:05 INFO  shutting down Metals[0m
2022.09.13 00:00:12 INFO  tracing is disabled for protocol LSP, to enable tracing of incoming and outgoing JSON messages create an empty file at /home/lordzampa/Desktop/UCSC/2nd_year/1st_semester/SCS2204_Functional_Programming/Scala_Tutorial_06/.metals/lsp.trace.json or /home/lordzampa/.cache/metals/lsp.trace.json[0m
2022.09.13 00:00:12 INFO  logging to file /home/lordzampa/Desktop/UCSC/2nd_year/1st_semester/SCS2204_Functional_Programming/Scala_Tutorial_06/.metals/metals.log[0m
2022.09.13 00:00:12 INFO  Started: Metals version 0.11.8 in workspace '/home/lordzampa/Desktop/UCSC/2nd_year/1st_semester/SCS2204_Functional_Programming/Scala_Tutorial_06' for client Visual Studio Code 1.71.0.[0m
2022.09.13 00:00:12 WARN  Flyway upgrade recommended: H2 2.1.214 is newer than this version of Flyway and support has not been tested. The latest supported version of H2 is 2.1.210.[0m
2022.09.13 00:00:13 INFO  time: initialize in 0.75s[0m
2022.09.13 00:00:14 WARN  Build server is not auto-connectable.[0m
2022.09.13 00:00:14 WARN  no build tool detected in workspace '/home/lordzampa/Desktop/UCSC/2nd_year/1st_semester/SCS2204_Functional_Programming/Scala_Tutorial_06'. The most common cause for this problem is that the editor was opened in the wrong working directory, for example if you use sbt then the workspace directory should contain build.sbt. [0m
2022.09.13 00:00:14 WARN  no build target for: /home/lordzampa/Desktop/UCSC/2nd_year/1st_semester/SCS2204_Functional_Programming/Scala_Tutorial_06/cipher.scala[0m
2022.09.13 00:00:16 INFO  no build target found for /home/lordzampa/Desktop/UCSC/2nd_year/1st_semester/SCS2204_Functional_Programming/Scala_Tutorial_06/cipher.scala. Using presentation compiler with project's scala-library version: 3.1.3[0m
2022.09.13 00:00:17 INFO  time: code lens generation in 3.3s[0m
2022.09.13 00:02:04 WARN  no build target for: /home/lordzampa/Desktop/UCSC/2nd_year/1st_semester/SCS2204_Functional_Programming/Scala_Tutorial_06/cipher.scala[0m
2022.09.13 00:02:14 WARN  no build target for: /home/lordzampa/Desktop/UCSC/2nd_year/1st_semester/SCS2204_Functional_Programming/Scala_Tutorial_06/cipher.scala[0m
2022.09.13 00:02:25 WARN  no build target for: /home/lordzampa/Desktop/UCSC/2nd_year/1st_semester/SCS2204_Functional_Programming/Scala_Tutorial_06/cipher.scala[0m
2022.09.13 00:02:32 WARN  no build target for: /home/lordzampa/Desktop/UCSC/2nd_year/1st_semester/SCS2204_Functional_Programming/Scala_Tutorial_06/cipher.scala[0m
2022.09.13 00:02:35 WARN  no build target for: /home/lordzampa/Desktop/UCSC/2nd_year/1st_semester/SCS2204_Functional_Programming/Scala_Tutorial_06/cipher.scala[0m
2022.09.13 00:02:39 WARN  no build target for: /home/lordzampa/Desktop/UCSC/2nd_year/1st_semester/SCS2204_Functional_Programming/Scala_Tutorial_06/cipher.scala[0m
2022.09.13 00:02:48 WARN  no build target for: /home/lordzampa/Desktop/UCSC/2nd_year/1st_semester/SCS2204_Functional_Programming/Scala_Tutorial_06/cipher.scala[0m
2022.09.13 00:03:06 WARN  no build target for: /home/lordzampa/Desktop/UCSC/2nd_year/1st_semester/SCS2204_Functional_Programming/Scala_Tutorial_06/cipher.scala[0m
2022.09.13 00:03:44 WARN  no build target for: /home/lordzampa/Desktop/UCSC/2nd_year/1st_semester/SCS2204_Functional_Programming/Scala_Tutorial_06/cipher.scala[0m
2022.09.13 00:03:45 WARN  no build target for: /home/lordzampa/Desktop/UCSC/2nd_year/1st_semester/SCS2204_Functional_Programming/Scala_Tutorial_06/cipher.scala[0m
2022.09.13 00:04:15 WARN  no build target for: /home/lordzampa/Desktop/UCSC/2nd_year/1st_semester/SCS2204_Functional_Programming/Scala_Tutorial_06/cipher.scala[0m
2022.09.13 00:04:20 WARN  no build target for: /home/lordzampa/Desktop/UCSC/2nd_year/1st_semester/SCS2204_Functional_Programming/Scala_Tutorial_06/cipher.scala[0m
2022.09.13 00:04:29 WARN  no build target for: /home/lordzampa/Desktop/UCSC/2nd_year/1st_semester/SCS2204_Functional_Programming/Scala_Tutorial_06/cipher.scala[0m
2022.09.13 00:04:30 WARN  no build target for: /home/lordzampa/Desktop/UCSC/2nd_year/1st_semester/SCS2204_Functional_Programming/Scala_Tutorial_06/cipher.scala[0m
2022.09.13 00:04:32 WARN  no build target for: /home/lordzampa/Desktop/UCSC/2nd_year/1st_semester/SCS2204_Functional_Programming/Scala_Tutorial_06/cipher.scala[0m
2022.09.13 00:04:37 WARN  no build target for: /home/lordzampa/Desktop/UCSC/2nd_year/1st_semester/SCS2204_Functional_Programming/Scala_Tutorial_06/cipher.scala[0m
2022.09.13 00:04:40 WARN  no build target for: /home/lordzampa/Desktop/UCSC/2nd_year/1st_semester/SCS2204_Functional_Programming/Scala_Tutorial_06/cipher.scala[0m
Sep 13, 2022 12:04:44 AM org.eclipse.lsp4j.jsonrpc.RemoteEndpoint handleCancellation
WARNING: Unmatched cancel notification for request id 250
2022.09.13 00:05:01 WARN  no build target for: /home/lordzampa/Desktop/UCSC/2nd_year/1st_semester/SCS2204_Functional_Programming/Scala_Tutorial_06/cipher.scala[0m
2022.09.13 00:07:09 WARN  no build target for: /home/lordzampa/Desktop/UCSC/2nd_year/1st_semester/SCS2204_Functional_Programming/Scala_Tutorial_06/cipher.scala[0m
2022.09.13 00:07:13 WARN  no build target for: /home/lordzampa/Desktop/UCSC/2nd_year/1st_semester/SCS2204_Functional_Programming/Scala_Tutorial_06/cipher.scala[0m
2022.09.13 00:07:15 WARN  no build target for: /home/lordzampa/Desktop/UCSC/2nd_year/1st_semester/SCS2204_Functional_Programming/Scala_Tutorial_06/cipher.scala[0m
2022.09.13 00:07:20 WARN  no build target for: /home/lordzampa/Desktop/UCSC/2nd_year/1st_semester/SCS2204_Functional_Programming/Scala_Tutorial_06/cipher.scala[0m
2022.09.13 00:07:21 WARN  no build target for: /home/lordzampa/Desktop/UCSC/2nd_year/1st_semester/SCS2204_Functional_Programming/Scala_Tutorial_06/cipher.scala[0m
2022.09.13 00:07:24 WARN  no build target for: /home/lordzampa/Desktop/UCSC/2nd_year/1st_semester/SCS2204_Functional_Programming/Scala_Tutorial_06/cipher.scala[0m
2022.09.13 00:07:33 WARN  no build target for: /home/lordzampa/Desktop/UCSC/2nd_year/1st_semester/SCS2204_Functional_Programming/Scala_Tutorial_06/cipher.scala[0m
2022.09.13 00:07:36 WARN  no build target for: /home/lordzampa/Desktop/UCSC/2nd_year/1st_semester/SCS2204_Functional_Programming/Scala_Tutorial_06/cipher.scala[0m
2022.09.13 00:07:38 WARN  no build target for: /home/lordzampa/Desktop/UCSC/2nd_year/1st_semester/SCS2204_Functional_Programming/Scala_Tutorial_06/cipher.scala[0m
2022.09.13 00:07:44 WARN  no build target for: /home/lordzampa/Desktop/UCSC/2nd_year/1st_semester/SCS2204_Functional_Programming/Scala_Tutorial_06/cipher.scala[0m
2022.09.13 00:07:51 WARN  no build target for: /home/lordzampa/Desktop/UCSC/2nd_year/1st_semester/SCS2204_Functional_Programming/Scala_Tutorial_06/cipher.scala[0m
2022.09.13 00:07:56 WARN  no build target for: /home/lordzampa/Desktop/UCSC/2nd_year/1st_semester/SCS2204_Functional_Programming/Scala_Tutorial_06/cipher.scala[0m
2022.09.13 00:07:57 WARN  no build target for: /home/lordzampa/Desktop/UCSC/2nd_year/1st_semester/SCS2204_Functional_Programming/Scala_Tutorial_06/cipher.scala[0m
2022.09.13 00:08:11 WARN  no build target for: /home/lordzampa/Desktop/UCSC/2nd_year/1st_semester/SCS2204_Functional_Programming/Scala_Tutorial_06/cipher.scala[0m
2022.09.13 00:08:15 WARN  no build target for: /home/lordzampa/Desktop/UCSC/2nd_year/1st_semester/SCS2204_Functional_Programming/Scala_Tutorial_06/cipher.scala[0m
2022.09.13 00:08:18 WARN  no build target for: /home/lordzampa/Desktop/UCSC/2nd_year/1st_semester/SCS2204_Functional_Programming/Scala_Tutorial_06/cipher.scala[0m
2022.09.13 00:08:31 WARN  no build target for: /home/lordzampa/Desktop/UCSC/2nd_year/1st_semester/SCS2204_Functional_Programming/Scala_Tutorial_06/cipher.scala[0m
2022.09.13 00:08:35 WARN  no build target for: /home/lordzampa/Desktop/UCSC/2nd_year/1st_semester/SCS2204_Functional_Programming/Scala_Tutorial_06/cipher.scala[0m
2022.09.13 00:08:37 WARN  no build target for: /home/lordzampa/Desktop/UCSC/2nd_year/1st_semester/SCS2204_Functional_Programming/Scala_Tutorial_06/cipher.scala[0m
2022.09.13 00:08:40 WARN  no build target for: /home/lordzampa/Desktop/UCSC/2nd_year/1st_semester/SCS2204_Functional_Programming/Scala_Tutorial_06/cipher.scala[0m
2022.09.13 00:08:46 WARN  no build target for: /home/lordzampa/Desktop/UCSC/2nd_year/1st_semester/SCS2204_Functional_Programming/Scala_Tutorial_06/cipher.scala[0m
2022.09.13 00:09:08 WARN  no build target for: /home/lordzampa/Desktop/UCSC/2nd_year/1st_semester/SCS2204_Functional_Programming/Scala_Tutorial_06/cipher.scala[0m
2022.09.13 00:10:10 WARN  no build target for: /home/lordzampa/Desktop/UCSC/2nd_year/1st_semester/SCS2204_Functional_Programming/Scala_Tutorial_06/cipher.scala[0m
2022.09.13 00:10:19 WARN  no build target for: /home/lordzampa/Desktop/UCSC/2nd_year/1st_semester/SCS2204_Functional_Programming/Scala_Tutorial_06/cipher.scala[0m
2022.09.13 00:10:30 WARN  no build target for: /home/lordzampa/Desktop/UCSC/2nd_year/1st_semester/SCS2204_Functional_Programming/Scala_Tutorial_06/cipher.scala[0m
2022.09.13 00:10:42 WARN  no build target for: /home/lordzampa/Desktop/UCSC/2nd_year/1st_semester/SCS2204_Functional_Programming/Scala_Tutorial_06/cipher.scala[0m
2022.09.13 00:15:31 WARN  no build target for: /home/lordzampa/Desktop/UCSC/2nd_year/1st_semester/SCS2204_Functional_Programming/Scala_Tutorial_06/cipher.scala[0m
2022.09.13 00:15:37 WARN  no build target for: /home/lordzampa/Desktop/UCSC/2nd_year/1st_semester/SCS2204_Functional_Programming/Scala_Tutorial_06/cipher.scala[0m
2022.09.13 00:15:41 WARN  no build target for: /home/lordzampa/Desktop/UCSC/2nd_year/1st_semester/SCS2204_Functional_Programming/Scala_Tutorial_06/cipher.scala[0m
2022.09.13 00:15:52 WARN  no build target for: /home/lordzampa/Desktop/UCSC/2nd_year/1st_semester/SCS2204_Functional_Programming/Scala_Tutorial_06/cipher.scala[0m
2022.09.13 00:15:58 WARN  no build target for: /home/lordzampa/Desktop/UCSC/2nd_year/1st_semester/SCS2204_Functional_Programming/Scala_Tutorial_06/cipher.scala[0m
2022.09.13 00:16:02 WARN  no build target for: /home/lordzampa/Desktop/UCSC/2nd_year/1st_semester/SCS2204_Functional_Programming/Scala_Tutorial_06/cipher.scala[0m
2022.09.13 00:16:36 WARN  no build target for: /home/lordzampa/Desktop/UCSC/2nd_year/1st_semester/SCS2204_Functional_Programming/Scala_Tutorial_06/cipher.scala[0m
2022.09.13 00:16:42 WARN  no build target for: /home/lordzampa/Desktop/UCSC/2nd_year/1st_semester/SCS2204_Functional_Programming/Scala_Tutorial_06/cipher.scala[0m
2022.09.13 00:16:48 WARN  no build target for: /home/lordzampa/Desktop/UCSC/2nd_year/1st_semester/SCS2204_Functional_Programming/Scala_Tutorial_06/cipher.scala[0m
Sep 13, 2022 12:16:52 AM org.eclipse.lsp4j.jsonrpc.RemoteEndpoint handleCancellation
WARNING: Unmatched cancel notification for request id 867
2022.09.13 00:16:53 WARN  no build target for: /home/lordzampa/Desktop/UCSC/2nd_year/1st_semester/SCS2204_Functional_Programming/Scala_Tutorial_06/cipher.scala[0m
2022.09.13 00:16:59 WARN  no build target for: /home/lordzampa/Desktop/UCSC/2nd_year/1st_semester/SCS2204_Functional_Programming/Scala_Tutorial_06/cipher.scala[0m
2022.09.13 00:17:14 WARN  no build target for: /home/lordzampa/Desktop/UCSC/2nd_year/1st_semester/SCS2204_Functional_Programming/Scala_Tutorial_06/cipher.scala[0m
2022.09.13 00:17:16 WARN  no build target for: /home/lordzampa/Desktop/UCSC/2nd_year/1st_semester/SCS2204_Functional_Programming/Scala_Tutorial_06/cipher.scala[0m
2022.09.13 00:17:18 WARN  no build target for: /home/lordzampa/Desktop/UCSC/2nd_year/1st_semester/SCS2204_Functional_Programming/Scala_Tutorial_06/cipher.scala[0m
2022.09.13 00:17:26 WARN  no build target for: /home/lordzampa/Desktop/UCSC/2nd_year/1st_semester/SCS2204_Functional_Programming/Scala_Tutorial_06/cipher.scala[0m
2022.09.13 00:17:31 WARN  no build target for: /home/lordzampa/Desktop/UCSC/2nd_year/1st_semester/SCS2204_Functional_Programming/Scala_Tutorial_06/cipher.scala[0m
2022.09.13 00:17:38 WARN  no build target for: /home/lordzampa/Desktop/UCSC/2nd_year/1st_semester/SCS2204_Functional_Programming/Scala_Tutorial_06/cipher.scala[0m
2022.09.13 00:17:52 WARN  no build target for: /home/lordzampa/Desktop/UCSC/2nd_year/1st_semester/SCS2204_Functional_Programming/Scala_Tutorial_06/cipher.scala[0m
2022.09.13 00:17:58 WARN  no build target for: /home/lordzampa/Desktop/UCSC/2nd_year/1st_semester/SCS2204_Functional_Programming/Scala_Tutorial_06/cipher.scala[0m
2022.09.13 00:18:11 WARN  no build target for: /home/lordzampa/Desktop/UCSC/2nd_year/1st_semester/SCS2204_Functional_Programming/Scala_Tutorial_06/cipher.scala[0m
2022.09.13 00:19:17 WARN  no build target for: /home/lordzampa/Desktop/UCSC/2nd_year/1st_semester/SCS2204_Functional_Programming/Scala_Tutorial_06/cipher.scala[0m
2022.09.13 00:19:21 WARN  no build target for: /home/lordzampa/Desktop/UCSC/2nd_year/1st_semester/SCS2204_Functional_Programming/Scala_Tutorial_06/cipher.scala[0m
2022.09.13 00:19:24 WARN  no build target for: /home/lordzampa/Desktop/UCSC/2nd_year/1st_semester/SCS2204_Functional_Programming/Scala_Tutorial_06/cipher.scala[0m
2022.09.13 00:19:36 WARN  no build target for: /home/lordzampa/Desktop/UCSC/2nd_year/1st_semester/SCS2204_Functional_Programming/Scala_Tutorial_06/cipher.scala[0m
2022.09.13 00:19:38 WARN  no build target for: /home/lordzampa/Desktop/UCSC/2nd_year/1st_semester/SCS2204_Functional_Programming/Scala_Tutorial_06/cipher.scala[0m
2022.09.13 00:19:44 WARN  no build target for: /home/lordzampa/Desktop/UCSC/2nd_year/1st_semester/SCS2204_Functional_Programming/Scala_Tutorial_06/cipher.scala[0m
2022.09.13 00:19:50 WARN  no build target for: /home/lordzampa/Desktop/UCSC/2nd_year/1st_semester/SCS2204_Functional_Programming/Scala_Tutorial_06/cipher.scala[0m
2022.09.13 00:19:51 WARN  no build target for: /home/lordzampa/Desktop/UCSC/2nd_year/1st_semester/SCS2204_Functional_Programming/Scala_Tutorial_06/cipher.scala[0m
2022.09.13 00:19:57 WARN  no build target for: /home/lordzampa/Desktop/UCSC/2nd_year/1st_semester/SCS2204_Functional_Programming/Scala_Tutorial_06/cipher.scala[0m
2022.09.13 00:20:14 WARN  no build target for: /home/lordzampa/Desktop/UCSC/2nd_year/1st_semester/SCS2204_Functional_Programming/Scala_Tutorial_06/cipher.scala[0m
2022.09.13 00:20:27 WARN  no build target for: /home/lordzampa/Desktop/UCSC/2nd_year/1st_semester/SCS2204_Functional_Programming/Scala_Tutorial_06/cipher.scala[0m
2022.09.13 00:20:28 WARN  no build target for: /home/lordzampa/Desktop/UCSC/2nd_year/1st_semester/SCS2204_Functional_Programming/Scala_Tutorial_06/cipher.scala[0m
2022.09.13 00:20:33 WARN  no build target for: /home/lordzampa/Desktop/UCSC/2nd_year/1st_semester/SCS2204_Functional_Programming/Scala_Tutorial_06/cipher.scala[0m
2022.09.13 00:20:36 WARN  no build target for: /home/lordzampa/Desktop/UCSC/2nd_year/1st_semester/SCS2204_Functional_Programming/Scala_Tutorial_06/cipher.scala[0m
2022.09.13 00:20:38 WARN  no build target for: /home/lordzampa/Desktop/UCSC/2nd_year/1st_semester/SCS2204_Functional_Programming/Scala_Tutorial_06/cipher.scala[0m
2022.09.13 00:20:44 WARN  no build target for: /home/lordzampa/Desktop/UCSC/2nd_year/1st_semester/SCS2204_Functional_Programming/Scala_Tutorial_06/cipher.scala[0m
2022.09.13 00:20:51 WARN  no build target for: /home/lordzampa/Desktop/UCSC/2nd_year/1st_semester/SCS2204_Functional_Programming/Scala_Tutorial_06/cipher.scala[0m
2022.09.13 00:21:15 WARN  no build target for: /home/lordzampa/Desktop/UCSC/2nd_year/1st_semester/SCS2204_Functional_Programming/Scala_Tutorial_06/cipher.scala[0m
2022.09.13 00:21:20 WARN  no build target for: /home/lordzampa/Desktop/UCSC/2nd_year/1st_semester/SCS2204_Functional_Programming/Scala_Tutorial_06/cipher.scala[0m
Sep 13, 2022 12:21:22 AM org.eclipse.lsp4j.jsonrpc.RemoteEndpoint handleCancellation
WARNING: Unmatched cancel notification for request id 1363
2022.09.13 00:21:23 WARN  no build target for: /home/lordzampa/Desktop/UCSC/2nd_year/1st_semester/SCS2204_Functional_Programming/Scala_Tutorial_06/cipher.scala[0m
2022.09.13 00:21:25 WARN  no build target for: /home/lordzampa/Desktop/UCSC/2nd_year/1st_semester/SCS2204_Functional_Programming/Scala_Tutorial_06/cipher.scala[0m
2022.09.13 00:21:27 WARN  no build target for: /home/lordzampa/Desktop/UCSC/2nd_year/1st_semester/SCS2204_Functional_Programming/Scala_Tutorial_06/cipher.scala[0m
2022.09.13 00:21:31 WARN  no build target for: /home/lordzampa/Desktop/UCSC/2nd_year/1st_semester/SCS2204_Functional_Programming/Scala_Tutorial_06/cipher.scala[0m
2022.09.13 00:21:37 WARN  no build target for: /home/lordzampa/Desktop/UCSC/2nd_year/1st_semester/SCS2204_Functional_Programming/Scala_Tutorial_06/cipher.scala[0m
2022.09.13 00:21:39 WARN  no build target for: /home/lordzampa/Desktop/UCSC/2nd_year/1st_semester/SCS2204_Functional_Programming/Scala_Tutorial_06/cipher.scala[0m
2022.09.13 00:21:41 WARN  no build target for: /home/lordzampa/Desktop/UCSC/2nd_year/1st_semester/SCS2204_Functional_Programming/Scala_Tutorial_06/cipher.scala[0m
2022.09.13 00:21:44 WARN  no build target for: /home/lordzampa/Desktop/UCSC/2nd_year/1st_semester/SCS2204_Functional_Programming/Scala_Tutorial_06/cipher.scala[0m
2022.09.13 00:21:51 WARN  no build target for: /home/lordzampa/Desktop/UCSC/2nd_year/1st_semester/SCS2204_Functional_Programming/Scala_Tutorial_06/cipher.scala[0m
2022.09.13 00:22:08 WARN  no build target for: /home/lordzampa/Desktop/UCSC/2nd_year/1st_semester/SCS2204_Functional_Programming/Scala_Tutorial_06/cipher.scala[0m
2022.09.13 00:22:11 WARN  no build target for: /home/lordzampa/Desktop/UCSC/2nd_year/1st_semester/SCS2204_Functional_Programming/Scala_Tutorial_06/cipher.scala[0m
2022.09.13 00:22:18 WARN  no build target for: /home/lordzampa/Desktop/UCSC/2nd_year/1st_semester/SCS2204_Functional_Programming/Scala_Tutorial_06/cipher.scala[0m
2022.09.13 00:22:21 WARN  no build target for: /home/lordzampa/Desktop/UCSC/2nd_year/1st_semester/SCS2204_Functional_Programming/Scala_Tutorial_06/cipher.scala[0m
2022.09.13 00:22:24 WARN  no build target for: /home/lordzampa/Desktop/UCSC/2nd_year/1st_semester/SCS2204_Functional_Programming/Scala_Tutorial_06/cipher.scala[0m
2022.09.13 00:22:29 WARN  no build target for: /home/lordzampa/Desktop/UCSC/2nd_year/1st_semester/SCS2204_Functional_Programming/Scala_Tutorial_06/cipher.scala[0m
2022.09.13 00:22:31 WARN  no build target for: /home/lordzampa/Desktop/UCSC/2nd_year/1st_semester/SCS2204_Functional_Programming/Scala_Tutorial_06/cipher.scala[0m
2022.09.13 00:22:33 WARN  no build target for: /home/lordzampa/Desktop/UCSC/2nd_year/1st_semester/SCS2204_Functional_Programming/Scala_Tutorial_06/cipher.scala[0m
2022.09.13 00:22:56 WARN  no build target for: /home/lordzampa/Desktop/UCSC/2nd_year/1st_semester/SCS2204_Functional_Programming/Scala_Tutorial_06/cipher.scala[0m
2022.09.13 00:23:03 WARN  no build target for: /home/lordzampa/Desktop/UCSC/2nd_year/1st_semester/SCS2204_Functional_Programming/Scala_Tutorial_06/cipher.scala[0m
2022.09.13 00:23:36 WARN  no build target for: /home/lordzampa/Desktop/UCSC/2nd_year/1st_semester/SCS2204_Functional_Programming/Scala_Tutorial_06/cipher.scala[0m
2022.09.13 00:23:44 WARN  no build target for: /home/lordzampa/Desktop/UCSC/2nd_year/1st_semester/SCS2204_Functional_Programming/Scala_Tutorial_06/cipher.scala[0m
2022.09.13 00:23:57 WARN  no build target for: /home/lordzampa/Desktop/UCSC/2nd_year/1st_semester/SCS2204_Functional_Programming/Scala_Tutorial_06/cipher.scala[0m
2022.09.13 00:24:15 WARN  no build target for: /home/lordzampa/Desktop/UCSC/2nd_year/1st_semester/SCS2204_Functional_Programming/Scala_Tutorial_06/cipher.scala[0m
2022.09.13 00:24:22 WARN  no build target for: /home/lordzampa/Desktop/UCSC/2nd_year/1st_semester/SCS2204_Functional_Programming/Scala_Tutorial_06/cipher.scala[0m
2022.09.13 00:24:29 WARN  no build target for: /home/lordzampa/Desktop/UCSC/2nd_year/1st_semester/SCS2204_Functional_Programming/Scala_Tutorial_06/cipher.scala[0m
2022.09.13 00:24:35 WARN  no build target for: /home/lordzampa/Desktop/UCSC/2nd_year/1st_semester/SCS2204_Functional_Programming/Scala_Tutorial_06/cipher.scala[0m
2022.09.13 00:24:43 WARN  no build target for: /home/lordzampa/Desktop/UCSC/2nd_year/1st_semester/SCS2204_Functional_Programming/Scala_Tutorial_06/cipher.scala[0m
2022.09.13 00:24:44 WARN  no build target for: /home/lordzampa/Desktop/UCSC/2nd_year/1st_semester/SCS2204_Functional_Programming/Scala_Tutorial_06/cipher.scala[0m
2022.09.13 00:24:49 WARN  no build target for: /home/lordzampa/Desktop/UCSC/2nd_year/1st_semester/SCS2204_Functional_Programming/Scala_Tutorial_06/cipher.scala[0m
2022.09.13 00:24:52 WARN  no build target for: /home/lordzampa/Desktop/UCSC/2nd_year/1st_semester/SCS2204_Functional_Programming/Scala_Tutorial_06/cipher.scala[0m
2022.09.13 00:24:56 WARN  no build target for: /home/lordzampa/Desktop/UCSC/2nd_year/1st_semester/SCS2204_Functional_Programming/Scala_Tutorial_06/cipher.scala[0m
2022.09.13 00:24:58 WARN  no build target for: /home/lordzampa/Desktop/UCSC/2nd_year/1st_semester/SCS2204_Functional_Programming/Scala_Tutorial_06/cipher.scala[0m
2022.09.13 00:25:01 WARN  no build target for: /home/lordzampa/Desktop/UCSC/2nd_year/1st_semester/SCS2204_Functional_Programming/Scala_Tutorial_06/cipher.scala[0m
2022.09.13 00:25:05 WARN  no build target for: /home/lordzampa/Desktop/UCSC/2nd_year/1st_semester/SCS2204_Functional_Programming/Scala_Tutorial_06/cipher.scala[0m
2022.09.13 00:25:11 WARN  no build target for: /home/lordzampa/Desktop/UCSC/2nd_year/1st_semester/SCS2204_Functional_Programming/Scala_Tutorial_06/cipher.scala[0m
2022.09.13 00:25:16 WARN  no build target for: /home/lordzampa/Desktop/UCSC/2nd_year/1st_semester/SCS2204_Functional_Programming/Scala_Tutorial_06/cipher.scala[0m
2022.09.13 00:25:21 WARN  no build target for: /home/lordzampa/Desktop/UCSC/2nd_year/1st_semester/SCS2204_Functional_Programming/Scala_Tutorial_06/cipher.scala[0m
2022.09.13 00:25:26 WARN  no build target for: /home/lordzampa/Desktop/UCSC/2nd_year/1st_semester/SCS2204_Functional_Programming/Scala_Tutorial_06/cipher.scala[0m
2022.09.13 00:25:27 WARN  no build target for: /home/lordzampa/Desktop/UCSC/2nd_year/1st_semester/SCS2204_Functional_Programming/Scala_Tutorial_06/cipher.scala[0m
2022.09.13 00:25:31 WARN  no build target for: /home/lordzampa/Desktop/UCSC/2nd_year/1st_semester/SCS2204_Functional_Programming/Scala_Tutorial_06/cipher.scala[0m
2022.09.13 00:25:34 WARN  no build target for: /home/lordzampa/Desktop/UCSC/2nd_year/1st_semester/SCS2204_Functional_Programming/Scala_Tutorial_06/cipher.scala[0m
2022.09.13 00:25:40 WARN  no build target for: /home/lordzampa/Desktop/UCSC/2nd_year/1st_semester/SCS2204_Functional_Programming/Scala_Tutorial_06/cipher.scala[0m
2022.09.13 00:26:03 WARN  no build target for: /home/lordzampa/Desktop/UCSC/2nd_year/1st_semester/SCS2204_Functional_Programming/Scala_Tutorial_06/cipher.scala[0m
Sep 13, 2022 12:26:08 AM org.eclipse.lsp4j.jsonrpc.RemoteEndpoint handleCancellation
WARNING: Unmatched cancel notification for request id 1928
2022.09.13 00:26:35 WARN  no build target for: /home/lordzampa/Desktop/UCSC/2nd_year/1st_semester/SCS2204_Functional_Programming/Scala_Tutorial_06/cipher.scala[0m
2022.09.13 00:26:45 WARN  no build target for: /home/lordzampa/Desktop/UCSC/2nd_year/1st_semester/SCS2204_Functional_Programming/Scala_Tutorial_06/cipher.scala[0m
2022.09.13 00:26:50 WARN  no build target for: /home/lordzampa/Desktop/UCSC/2nd_year/1st_semester/SCS2204_Functional_Programming/Scala_Tutorial_06/cipher.scala[0m
2022.09.13 00:27:17 WARN  no build target for: /home/lordzampa/Desktop/UCSC/2nd_year/1st_semester/SCS2204_Functional_Programming/Scala_Tutorial_06/cipher.scala[0m
2022.09.13 00:27:27 WARN  no build target for: /home/lordzampa/Desktop/UCSC/2nd_year/1st_semester/SCS2204_Functional_Programming/Scala_Tutorial_06/cipher.scala[0m
2022.09.13 00:27:28 WARN  no build target for: /home/lordzampa/Desktop/UCSC/2nd_year/1st_semester/SCS2204_Functional_Programming/Scala_Tutorial_06/cipher.scala[0m
2022.09.13 00:27:32 WARN  no build target for: /home/lordzampa/Desktop/UCSC/2nd_year/1st_semester/SCS2204_Functional_Programming/Scala_Tutorial_06/cipher.scala[0m
2022.09.13 00:31:45 WARN  no build target for: /home/lordzampa/Desktop/UCSC/2nd_year/1st_semester/SCS2204_Functional_Programming/Scala_Tutorial_06/cipher.scala[0m
2022.09.13 00:31:59 WARN  no build target for: /home/lordzampa/Desktop/UCSC/2nd_year/1st_semester/SCS2204_Functional_Programming/Scala_Tutorial_06/cipher.scala[0m
2022.09.13 00:32:03 WARN  no build target for: /home/lordzampa/Desktop/UCSC/2nd_year/1st_semester/SCS2204_Functional_Programming/Scala_Tutorial_06/cipher.scala[0m
2022.09.13 00:32:17 WARN  no build target for: /home/lordzampa/Desktop/UCSC/2nd_year/1st_semester/SCS2204_Functional_Programming/Scala_Tutorial_06/cipher.scala[0m
2022.09.13 00:32:20 WARN  no build target for: /home/lordzampa/Desktop/UCSC/2nd_year/1st_semester/SCS2204_Functional_Programming/Scala_Tutorial_06/cipher.scala[0m
2022.09.13 00:32:27 WARN  no build target for: /home/lordzampa/Desktop/UCSC/2nd_year/1st_semester/SCS2204_Functional_Programming/Scala_Tutorial_06/cipher.scala[0m
2022.09.13 00:32:30 WARN  no build target for: /home/lordzampa/Desktop/UCSC/2nd_year/1st_semester/SCS2204_Functional_Programming/Scala_Tutorial_06/cipher.scala[0m
2022.09.13 00:32:37 WARN  no build target for: /home/lordzampa/Desktop/UCSC/2nd_year/1st_semester/SCS2204_Functional_Programming/Scala_Tutorial_06/cipher.scala[0m
2022.09.13 00:32:41 WARN  no build target for: /home/lordzampa/Desktop/UCSC/2nd_year/1st_semester/SCS2204_Functional_Programming/Scala_Tutorial_06/cipher.scala[0m
2022.09.13 00:32:46 WARN  no build target for: /home/lordzampa/Desktop/UCSC/2nd_year/1st_semester/SCS2204_Functional_Programming/Scala_Tutorial_06/cipher.scala[0m
2022.09.13 00:32:49 WARN  no build target for: /home/lordzampa/Desktop/UCSC/2nd_year/1st_semester/SCS2204_Functional_Programming/Scala_Tutorial_06/cipher.scala[0m
2022.09.13 00:32:55 WARN  no build target for: /home/lordzampa/Desktop/UCSC/2nd_year/1st_semester/SCS2204_Functional_Programming/Scala_Tutorial_06/cipher.scala[0m
2022.09.13 00:33:02 WARN  no build target for: /home/lordzampa/Desktop/UCSC/2nd_year/1st_semester/SCS2204_Functional_Programming/Scala_Tutorial_06/cipher.scala[0m
2022.09.13 00:33:07 WARN  no build target for: /home/lordzampa/Desktop/UCSC/2nd_year/1st_semester/SCS2204_Functional_Programming/Scala_Tutorial_06/cipher.scala[0m
2022.09.13 00:33:20 WARN  no build target for: /home/lordzampa/Desktop/UCSC/2nd_year/1st_semester/SCS2204_Functional_Programming/Scala_Tutorial_06/cipher.scala[0m
2022.09.13 00:36:20 WARN  no build target for: /home/lordzampa/Desktop/UCSC/2nd_year/1st_semester/SCS2204_Functional_Programming/Scala_Tutorial_06/cipher.scala[0m
2022.09.13 00:36:31 WARN  no build target for: /home/lordzampa/Desktop/UCSC/2nd_year/1st_semester/SCS2204_Functional_Programming/Scala_Tutorial_06/cipher.scala[0m
2022.09.13 00:36:35 WARN  no build target for: /home/lordzampa/Desktop/UCSC/2nd_year/1st_semester/SCS2204_Functional_Programming/Scala_Tutorial_06/cipher.scala[0m
2022.09.13 00:36:45 WARN  no build target for: /home/lordzampa/Desktop/UCSC/2nd_year/1st_semester/SCS2204_Functional_Programming/Scala_Tutorial_06/cipher.scala[0m
2022.09.13 00:36:50 WARN  no build target for: /home/lordzampa/Desktop/UCSC/2nd_year/1st_semester/SCS2204_Functional_Programming/Scala_Tutorial_06/cipher.scala[0m
2022.09.13 00:36:54 WARN  no build target for: /home/lordzampa/Desktop/UCSC/2nd_year/1st_semester/SCS2204_Functional_Programming/Scala_Tutorial_06/cipher.scala[0m
2022.09.13 00:37:01 WARN  no build target for: /home/lordzampa/Desktop/UCSC/2nd_year/1st_semester/SCS2204_Functional_Programming/Scala_Tutorial_06/cipher.scala[0m
2022.09.13 00:37:08 WARN  no build target for: /home/lordzampa/Desktop/UCSC/2nd_year/1st_semester/SCS2204_Functional_Programming/Scala_Tutorial_06/cipher.scala[0m
2022.09.13 00:37:14 WARN  no build target for: /home/lordzampa/Desktop/UCSC/2nd_year/1st_semester/SCS2204_Functional_Programming/Scala_Tutorial_06/cipher.scala[0m
2022.09.13 00:37:16 WARN  no build target for: /home/lordzampa/Desktop/UCSC/2nd_year/1st_semester/SCS2204_Functional_Programming/Scala_Tutorial_06/cipher.scala[0m
2022.09.13 00:37:20 WARN  no build target for: /home/lordzampa/Desktop/UCSC/2nd_year/1st_semester/SCS2204_Functional_Programming/Scala_Tutorial_06/cipher.scala[0m
2022.09.13 00:37:22 WARN  no build target for: /home/lordzampa/Desktop/UCSC/2nd_year/1st_semester/SCS2204_Functional_Programming/Scala_Tutorial_06/cipher.scala[0m
2022.09.13 00:37:27 WARN  no build target for: /home/lordzampa/Desktop/UCSC/2nd_year/1st_semester/SCS2204_Functional_Programming/Scala_Tutorial_06/cipher.scala[0m
2022.09.13 00:37:29 WARN  no build target for: /home/lordzampa/Desktop/UCSC/2nd_year/1st_semester/SCS2204_Functional_Programming/Scala_Tutorial_06/cipher.scala[0m
2022.09.13 00:37:55 WARN  no build target for: /home/lordzampa/Desktop/UCSC/2nd_year/1st_semester/SCS2204_Functional_Programming/Scala_Tutorial_06/cipher.scala[0m
2022.09.13 00:37:58 WARN  no build target for: /home/lordzampa/Desktop/UCSC/2nd_year/1st_semester/SCS2204_Functional_Programming/Scala_Tutorial_06/cipher.scala[0m
2022.09.13 00:38:06 WARN  no build target for: /home/lordzampa/Desktop/UCSC/2nd_year/1st_semester/SCS2204_Functional_Programming/Scala_Tutorial_06/cipher.scala[0m
2022.09.13 00:38:09 WARN  no build target for: /home/lordzampa/Desktop/UCSC/2nd_year/1st_semester/SCS2204_Functional_Programming/Scala_Tutorial_06/cipher.scala[0m
2022.09.13 00:43:56 WARN  no build target for: /home/lordzampa/Desktop/UCSC/2nd_year/1st_semester/SCS2204_Functional_Programming/Scala_Tutorial_06/cipher.scala[0m
2022.09.13 00:44:04 WARN  no build target for: /home/lordzampa/Desktop/UCSC/2nd_year/1st_semester/SCS2204_Functional_Programming/Scala_Tutorial_06/cipher.scala[0m
2022.09.13 00:44:19 WARN  no build target for: /home/lordzampa/Desktop/UCSC/2nd_year/1st_semester/SCS2204_Functional_Programming/Scala_Tutorial_06/cipher.scala[0m
2022.09.13 00:44:28 WARN  no build target for: /home/lordzampa/Desktop/UCSC/2nd_year/1st_semester/SCS2204_Functional_Programming/Scala_Tutorial_06/cipher.scala[0m
Sep 13, 2022 12:45:23 AM org.eclipse.lsp4j.jsonrpc.services.GenericEndpoint notify
INFO: Unsupported notification method: $/setTrace
Sep 13, 2022 12:46:42 AM org.eclipse.lsp4j.jsonrpc.RemoteEndpoint handleCancellation
WARNING: Unmatched cancel notification for request id 2694
Sep 13, 2022 12:47:20 AM org.eclipse.lsp4j.jsonrpc.services.GenericEndpoint notify
INFO: Unsupported notification method: $/setTrace
2022.09.13 01:11:18 INFO  shutting down Metals[0m
2022.09.13 08:52:14 INFO  tracing is disabled for protocol LSP, to enable tracing of incoming and outgoing JSON messages create an empty file at /home/lordzampa/Desktop/UCSC/2nd_year/1st_semester/SCS2204_Functional_Programming/Scala_Tutorial_06/.metals/lsp.trace.json or /home/lordzampa/.cache/metals/lsp.trace.json[0m
2022.09.13 08:52:14 INFO  logging to file /home/lordzampa/Desktop/UCSC/2nd_year/1st_semester/SCS2204_Functional_Programming/Scala_Tutorial_06/.metals/metals.log[0m
2022.09.13 08:52:14 INFO  Started: Metals version 0.11.8 in workspace '/home/lordzampa/Desktop/UCSC/2nd_year/1st_semester/SCS2204_Functional_Programming/Scala_Tutorial_06' for client Visual Studio Code 1.71.0.[0m
2022.09.13 08:52:14 WARN  Flyway upgrade recommended: H2 2.1.214 is newer than this version of Flyway and support has not been tested. The latest supported version of H2 is 2.1.210.[0m
2022.09.13 08:52:15 INFO  time: initialize in 0.77s[0m
2022.09.13 08:52:16 WARN  Build server is not auto-connectable.[0m
2022.09.13 08:52:16 WARN  no build tool detected in workspace '/home/lordzampa/Desktop/UCSC/2nd_year/1st_semester/SCS2204_Functional_Programming/Scala_Tutorial_06'. The most common cause for this problem is that the editor was opened in the wrong working directory, for example if you use sbt then the workspace directory should contain build.sbt. [0m
2022.09.13 08:52:16 WARN  no build target for: /home/lordzampa/Desktop/UCSC/2nd_year/1st_semester/SCS2204_Functional_Programming/Scala_Tutorial_06/cipher.scala[0m
2022.09.13 08:52:18 INFO  no build target found for /home/lordzampa/Desktop/UCSC/2nd_year/1st_semester/SCS2204_Functional_Programming/Scala_Tutorial_06/cipher.scala. Using presentation compiler with project's scala-library version: 3.1.3[0m
2022.09.13 08:52:19 INFO  time: code lens generation in 2.97s[0m
Sep 13, 2022 8:52:44 AM org.eclipse.lsp4j.jsonrpc.services.GenericEndpoint notify
INFO: Unsupported notification method: $/setTrace
